<?xml version="1.0" encoding="UTF-8"?>
<testng-results skipped="0" failed="0" ignored="0" total="1" passed="1">
  <reporter-output>
  </reporter-output>
  <suite name="Default suite" duration-ms="99316" started-at="2019-02-12T10:36:13Z" finished-at="2019-02-12T10:37:52Z">
    <groups>
    </groups>
    <test name="Default test" duration-ms="99316" started-at="2019-02-12T10:36:13Z" finished-at="2019-02-12T10:37:52Z">
      <class name="pageObjectModel.MainTest">
        <test-method status="PASS" signature="beforeClass()[pri:0, instance:pageObjectModel.MainTest@d8355a8]" name="beforeClass" is-config="true" duration-ms="88935" started-at="2019-02-12T16:06:13Z" finished-at="2019-02-12T16:07:42Z">
          <reporter-output>
          </reporter-output>
        </test-method> <!-- beforeClass -->
        <test-method status="PASS" signature="f()[pri:0, instance:pageObjectModel.MainTest@d8355a8]" name="f" duration-ms="6214" started-at="2019-02-12T16:07:42Z" finished-at="2019-02-12T16:07:48Z">
          <reporter-output>
          </reporter-output>
        </test-method> <!-- f -->
        <test-method status="PASS" signature="afterClass()[pri:0, instance:pageObjectModel.MainTest@d8355a8]" name="afterClass" is-config="true" duration-ms="4134" started-at="2019-02-12T16:07:48Z" finished-at="2019-02-12T16:07:52Z">
          <reporter-output>
          </reporter-output>
        </test-method> <!-- afterClass -->
      </class> <!-- pageObjectModel.MainTest -->
    </test> <!-- Default test -->
  </suite> <!-- Default suite -->
</testng-results>
